<?xml version="1.0" encoding="UTF-8"?>
<!-- Generated by org.testng.reporters.JUnitReportReporter -->
<testsuite hostname="KGSVDI-1341" failures="0" tests="1" name="com.api.RestAssured.SumValidation" time="2.088" errors="0" timestamp="2024-01-15T11:29:50 IST" skipped="0">
  <testcase classname="com.api.RestAssured.SumValidation" name="SumOfCourses" time="2.088"/>
</testsuite> <!-- com.api.RestAssured.SumValidation -->
